The system is: Windows - 10.0.18362 - AMD64
Compiling the C compiler identification source file "CMakeCCompilerId.c" succeeded.
Compiler: C:/Program Files (x86)/Microsoft Visual Studio/2019/Community/VC/Tools/MSVC/14.25.28610/bin/HostX64/x64/cl.exe 
Build flags: 
Id flags:  

The output was:
0
Microsoft (R) C/C++ Optimizing Compiler Version 19.25.28611 for x64
Copyright (C) Microsoft Corporation.  All rights reserved.

CMakeCCompilerId.c
Microsoft (R) Incremental Linker Version 14.25.28611.0
Copyright (C) Microsoft Corporation.  All rights reserved.

/out:CMakeCCompilerId.exe 
CMakeCCompilerId.obj 


Compilation of the C compiler identification source "CMakeCCompilerId.c" produced "CMakeCCompilerId.exe"

Compilation of the C compiler identification source "CMakeCCompilerId.c" produced "CMakeCCompilerId.obj"

The C compiler identification is MSVC, found in "C:/Users/Krystian/src/llvm-project/openmp/out/build/x64-Debug/CMakeFiles/3.16.19112601-MSVC_2/CompilerIdC/CMakeCCompilerId.exe"

Compiling the CXX compiler identification source file "CMakeCXXCompilerId.cpp" succeeded.
Compiler: C:/Program Files (x86)/Microsoft Visual Studio/2019/Community/VC/Tools/MSVC/14.25.28610/bin/HostX64/x64/cl.exe 
Build flags: 
Id flags:  

The output was:
0
Microsoft (R) C/C++ Optimizing Compiler Version 19.25.28611 for x64
Copyright (C) Microsoft Corporation.  All rights reserved.

CMakeCXXCompilerId.cpp
Microsoft (R) Incremental Linker Version 14.25.28611.0
Copyright (C) Microsoft Corporation.  All rights reserved.

/out:CMakeCXXCompilerId.exe 
CMakeCXXCompilerId.obj 


Compilation of the CXX compiler identification source "CMakeCXXCompilerId.cpp" produced "CMakeCXXCompilerId.exe"

Compilation of the CXX compiler identification source "CMakeCXXCompilerId.cpp" produced "CMakeCXXCompilerId.obj"

The CXX compiler identification is MSVC, found in "C:/Users/Krystian/src/llvm-project/openmp/out/build/x64-Debug/CMakeFiles/3.16.19112601-MSVC_2/CompilerIdCXX/CMakeCXXCompilerId.exe"

Determining if the C compiler works passed with the following output:
Change Dir: C:/Users/Krystian/src/llvm-project/openmp/out/build/x64-Debug/CMakeFiles/CMakeTmp

Run Build Command(s):C:/Program Files (x86)/Microsoft Visual Studio/2019/Community/Common7/IDE/CommonExtensions/Microsoft/CMake/Ninja/ninja.exe cmTC_eb241 && [1/2] Building C object CMakeFiles\cmTC_eb241.dir\testCCompiler.c.obj
[2/2] Linking C executable cmTC_eb241.exe



Detecting C compiler ABI info compiled with the following output:
Change Dir: C:/Users/Krystian/src/llvm-project/openmp/out/build/x64-Debug/CMakeFiles/CMakeTmp

Run Build Command(s):C:/Program Files (x86)/Microsoft Visual Studio/2019/Community/Common7/IDE/CommonExtensions/Microsoft/CMake/Ninja/ninja.exe cmTC_507a3 && [1/2] Building C object CMakeFiles\cmTC_507a3.dir\CMakeCCompilerABI.c.obj
[2/2] Linking C executable cmTC_507a3.exe



Determining if the CXX compiler works passed with the following output:
Change Dir: C:/Users/Krystian/src/llvm-project/openmp/out/build/x64-Debug/CMakeFiles/CMakeTmp

Run Build Command(s):C:/Program Files (x86)/Microsoft Visual Studio/2019/Community/Common7/IDE/CommonExtensions/Microsoft/CMake/Ninja/ninja.exe cmTC_9e2ec && [1/2] Building CXX object CMakeFiles\cmTC_9e2ec.dir\testCXXCompiler.cxx.obj
[2/2] Linking CXX executable cmTC_9e2ec.exe



Detecting CXX compiler ABI info compiled with the following output:
Change Dir: C:/Users/Krystian/src/llvm-project/openmp/out/build/x64-Debug/CMakeFiles/CMakeTmp

Run Build Command(s):C:/Program Files (x86)/Microsoft Visual Studio/2019/Community/Common7/IDE/CommonExtensions/Microsoft/CMake/Ninja/ninja.exe cmTC_49221 && [1/2] Building CXX object CMakeFiles\cmTC_49221.dir\CMakeCXXCompilerABI.cpp.obj
[2/2] Linking CXX executable cmTC_49221.exe



Performing C++ SOURCE FILE Test OPENMP_HAVE_WALL_FLAG succeeded with the following output:
Change Dir: C:/Users/Krystian/src/llvm-project/openmp/out/build/x64-Debug/CMakeFiles/CMakeTmp

Run Build Command(s):C:/Program Files (x86)/Microsoft Visual Studio/2019/Community/Common7/IDE/CommonExtensions/Microsoft/CMake/Ninja/ninja.exe cmTC_e752d && [1/2] Building CXX object CMakeFiles\cmTC_e752d.dir\src.cxx.obj
[2/2] Linking CXX executable cmTC_e752d.exe


Source file was:
int main() { return 0; }
Checking whether the ASM_MASM compiler is MSVC using "-?" matched "Microsoft":
Microsoft (R) Macro Assembler (x64) Version 14.25.28611.0
Copyright (C) Microsoft Corporation.  All rights reserved.

        ML64 [ /options ] filelist [ /link linkoptions ]

/Bl<linker> Use alternate linker          /Sf Generate first pass listing
/c Assemble without linking               /Sl<width> Set line width
/Cp Preserve case of user identifiers     /Sn Suppress symbol-table listing
/Cx Preserve case in publics, externs     /Sp<length> Set page length
/D<name>[=text] Define text macro         /Ss<string> Set subtitle
/EP Output preprocessed listing to stdout /St<string> Set title
/F <hex> Set stack size (bytes)           /Sx List false conditionals
/Fe<file> Name executable                 /Ta<file> Assemble non-.ASM file
/Fl[file] Generate listing                /w Same as /W0 /WX
/Fm[file] Generate map                    /WX Treat warnings as errors
/Fo<file> Name object file                /W<number> Set warning level
/Fr[file] Generate limited browser info   /X Ignore INCLUDE environment path
/FR[file] Generate full browser info      /Zd Add line number debug info
/I<name> Add include path                 /Zf Make all symbols public
/link <linker options and libraries>      /Zi Add symbolic debug info
/nologo Suppress copyright message        /Zp[n] Set structure alignment
/Sa Maximize source listing               /Zs Perform syntax check only
/ZH:SHA_256 Use SHA256 for checksum
    in debug info (experimental)
/Gy[-] separate functions for linker
/errorReport:<option> Report internal assembler errors to Microsoft
    none - do not send report
    prompt - prompt to immediately send report
    queue - at next admin logon, prompt to send report
    send - send report automatically
Performing C++ SOURCE FILE Test LIBOMP_HAVE_EHSC_FLAG succeeded with the following output:
Change Dir: C:/Users/Krystian/src/llvm-project/openmp/out/build/x64-Debug/CMakeFiles/CMakeTmp

Run Build Command(s):C:/Program Files (x86)/Microsoft Visual Studio/2019/Community/Common7/IDE/CommonExtensions/Microsoft/CMake/Ninja/ninja.exe cmTC_34529 && [1/2] Building CXX object CMakeFiles\cmTC_34529.dir\src.cxx.obj
[2/2] Linking CXX executable cmTC_34529.exe


Source file was:
int main() { return 0; }
Performing C++ SOURCE FILE Test LIBOMP_HAVE_GS_FLAG succeeded with the following output:
Change Dir: C:/Users/Krystian/src/llvm-project/openmp/out/build/x64-Debug/CMakeFiles/CMakeTmp

Run Build Command(s):C:/Program Files (x86)/Microsoft Visual Studio/2019/Community/Common7/IDE/CommonExtensions/Microsoft/CMake/Ninja/ninja.exe cmTC_5038d && [1/2] Building CXX object CMakeFiles\cmTC_5038d.dir\src.cxx.obj
[2/2] Linking CXX executable cmTC_5038d.exe


Source file was:
int main() { return 0; }
Performing C++ SOURCE FILE Test LIBOMP_HAVE_Oy__FLAG succeeded with the following output:
Change Dir: C:/Users/Krystian/src/llvm-project/openmp/out/build/x64-Debug/CMakeFiles/CMakeTmp

Run Build Command(s):C:/Program Files (x86)/Microsoft Visual Studio/2019/Community/Common7/IDE/CommonExtensions/Microsoft/CMake/Ninja/ninja.exe cmTC_0b45f && [1/2] Building CXX object CMakeFiles\cmTC_0b45f.dir\src.cxx.obj
[2/2] Linking CXX executable cmTC_0b45f.exe


Source file was:
int main() { return 0; }
Determining if files windows.h;psapi.h exist passed with the following output:
Change Dir: C:/Users/Krystian/src/llvm-project/openmp/out/build/x64-Debug/CMakeFiles/CMakeTmp

Run Build Command(s):C:/Program Files (x86)/Microsoft Visual Studio/2019/Community/Common7/IDE/CommonExtensions/Microsoft/CMake/Ninja/ninja.exe cmTC_e7085 && [1/2] Building C object CMakeFiles\cmTC_e7085.dir\LIBOMP_HAVE_PSAPI_H.c.obj
[2/2] Linking C executable cmTC_e7085.exe



Determining if the function EnumProcessModules exists in the psapi passed with the following output:
Change Dir: C:/Users/Krystian/src/llvm-project/openmp/out/build/x64-Debug/CMakeFiles/CMakeTmp

Run Build Command(s):C:/Program Files (x86)/Microsoft Visual Studio/2019/Community/Common7/IDE/CommonExtensions/Microsoft/CMake/Ninja/ninja.exe cmTC_25ad0 && [1/2] Building C object CMakeFiles\cmTC_25ad0.dir\CheckFunctionExists.c.obj
[2/2] Linking C executable cmTC_25ad0.exe



